2025-10-24 16:17:31, MOVE, v:1, k:poo@motouber, mode:PICK
2025-10-24 16:17:32, EXEC, v:1, k:poo@motouber, mode:FULL, rate:75, size:100
2025-10-24 16:23:57, EXEC, v:1, k:poo@motouber, mode:FULL, rate:0, size:100
2025-10-24 16:24:07, EXEC, v:1, k:poo@motouber, mode:FULL, rate:12, size:100
2025-10-24 16:24:08, EXEC, v:1, k:poo@motouber, mode:FULL, rate:12
2025-10-24 16:25:18, EXEC, v:1, k:poo@motouber, mode:FULL, rate:12
2025-10-24 16:26:47, EXEC, v:1, k:poo@motouber, mode:FULL, rate:0, size:103
2025-10-24 16:26:48, EXEC, v:1, k:poo@motouber, mode:FULL, rate:0
2025-10-24 16:26:52, EXEC, v:1, k:poo@motouber, mode:FULL, rate:0
2025-10-24 16:26:53, EXEC, v:1, k:poo@motouber, mode:FULL, rate:12, size:103
2025-10-24 16:27:17, EXEC, v:1, k:poo@motouber, mode:FULL, rate:12
2025-10-24 16:27:18, EXEC, v:1, k:poo@motouber, mode:FULL, rate:12
2025-10-24 16:27:18, EXEC, v:1, k:poo@motouber, mode:FULL, rate:12
2025-10-24 16:28:03, EXEC, v:1, k:poo@motouber, mode:FULL, rate:75, size:100
2025-10-24 16:32:10, EXEC, v:1, k:poo@motouber, mode:FULL, rate:75, size:103
2025-10-24 16:32:11, EXEC, v:1, k:poo@motouber, mode:FULL, rate:75
2025-10-24 16:32:54, EXEC, v:1, k:poo@motouber, mode:FULL, rate:75, size:105
2025-10-24 16:32:55, EXEC, v:1, k:poo@motouber, mode:FULL, rate:75
2025-10-24 16:32:55, EXEC, v:1, k:poo@motouber, mode:FULL, rate:75
2025-10-24 16:32:56, EXEC, v:1, k:poo@motouber, mode:FULL, rate:75
2025-10-24 16:33:03, EXEC, v:1, k:poo@motouber, mode:FULL, rate:75, size:103
2025-10-24 16:44:42, EXEC, v:1, k:poo@motouber, mode:FULL, rate:0, size:104
2025-10-24 16:44:43, EXEC, v:1, k:poo@motouber, mode:FULL, rate:0
2025-10-24 16:45:10, EXEC, v:1, k:poo@motouber, mode:FULL, rate:50, size:104
2025-10-24 16:45:11, EXEC, v:1, k:poo@motouber, mode:FULL, rate:50
2025-10-24 16:45:32, EXEC, v:1, k:poo@motouber, mode:FULL, rate:50, size:104
2025-10-24 16:45:32, EXEC, v:1, k:poo@motouber, mode:FULL, rate:50, size:104
2025-10-24 16:46:13, EXEC, v:1, k:poo@motouber, mode:FULL, rate:50, size:104
2025-10-24 16:46:14, EXEC, v:1, k:poo@motouber, mode:FULL, rate:50
2025-10-24 16:46:18, EXEC, v:1, k:poo@motouber, mode:FULL, rate:50
2025-10-24 16:46:19, EXEC, v:1, k:poo@motouber, mode:FULL, rate:50, size:104
2025-10-24 16:46:20, EXEC, v:1, k:poo@motouber, mode:FULL, rate:50
2025-10-24 16:46:51, EXEC, v:1, k:poo@motouber, mode:FULL, rate:50, size:104
2025-10-24 16:46:52, EXEC, v:1, k:poo@motouber, mode:FULL, rate:50
2025-10-24 16:48:31, EXEC, v:1, k:poo@motouber, mode:FULL, rate:87, size:110
2025-10-24 16:48:32, EXEC, v:1, k:poo@motouber, mode:FULL, rate:87
2025-10-24 16:51:33, EXEC, v:1, k:poo@motouber, mode:FULL, rate:87, size:110
2025-10-24 16:51:33, EXEC, v:1, k:poo@motouber, mode:FULL, rate:87, size:110
2025-10-24 16:51:50, EXEC, v:1, k:poo@motouber, mode:FULL, rate:100, size:110
2025-10-24 16:51:54, MOVE, v:1, k:poo@motouber, mode:BACK
2025-10-24 16:52:27, SELF, v:1, k:poo@motouber, rate:100, human:_amigo, alone:8, study:120
