2025-10-22 15:08:05, MOVE, v:1, k:poo@motouber, mode:PICK
2025-10-22 15:08:07, MOVE, v:1, k:poo@motouber, mode:BACK
2025-10-22 18:15:26, MOVE, v:1, k:poo@grafite, mode:PICK
2025-10-22 18:15:26, EXEC, v:1, k:poo@grafite, mode:FULL, rate:0, size:45
2025-10-22 18:15:29, MOVE, v:1, k:poo@grafite, mode:BACK
2025-10-22 18:27:38, MOVE, v:1, k:poo@grafite, mode:PICK
2025-10-22 18:27:38, EXEC, v:1, k:poo@grafite, mode:FULL, rate:0, size:76
2025-10-22 18:28:11, EXEC, v:1, k:poo@grafite, mode:FULL, rate:0, size:74
2025-10-22 18:28:21, EXEC, v:1, k:poo@grafite, mode:FULL, rate:0, size:74
2025-10-22 18:28:50, EXEC, v:1, k:poo@grafite, mode:FULL, rate:0, size:76
2025-10-22 18:28:51, EXEC, v:1, k:poo@grafite, mode:FULL, rate:0
2025-10-22 18:29:40, EXEC, v:1, k:poo@grafite, mode:FULL, rate:0, size:79
2025-10-22 18:31:33, EXEC, v:1, k:poo@grafite, mode:FULL, rate:0, size:80
2025-10-22 18:31:34, EXEC, v:1, k:poo@grafite, mode:FULL, rate:10
2025-10-22 18:32:52, EXEC, v:1, k:poo@grafite, mode:FULL, rate:10, size:85
2025-10-22 18:32:53, EXEC, v:1, k:poo@grafite, mode:FULL, rate:10
2025-10-22 18:36:07, EXEC, v:1, k:poo@grafite, mode:FULL, rate:10, size:88
2025-10-22 18:36:08, EXEC, v:1, k:poo@grafite, mode:FULL, rate:10
2025-10-22 18:36:32, EXEC, v:1, k:poo@grafite, mode:FULL, rate:10, size:88
2025-10-22 18:36:33, EXEC, v:1, k:poo@grafite, mode:FULL, rate:10
2025-10-22 18:37:03, EXEC, v:1, k:poo@grafite, mode:FULL, rate:10, size:88
2025-10-22 18:37:04, EXEC, v:1, k:poo@grafite, mode:FULL, rate:10, size:88
2025-10-22 18:37:08, EXEC, v:1, k:poo@grafite, mode:FULL, rate:20, size:88
2025-10-22 18:37:16, EXEC, v:1, k:poo@grafite, mode:FULL, rate:40
2025-10-22 18:37:31, MOVE, v:1, k:poo@grafite, mode:BACK
2025-10-22 18:37:37, MOVE, v:1, k:poo@grafite, mode:PICK
2025-10-22 18:37:38, EXEC, v:1, k:poo@grafite, mode:FULL, rate:40
2025-10-22 18:38:30, EXEC, v:1, k:poo@grafite, mode:FULL, rate:40, size:88
2025-10-22 18:38:31, EXEC, v:1, k:poo@grafite, mode:FULL, rate:40
2025-10-22 18:40:44, EXEC, v:1, k:poo@grafite, mode:FULL, rate:60, size:90
2025-10-22 18:40:45, EXEC, v:1, k:poo@grafite, mode:FULL, rate:60
2025-10-22 18:41:10, EXEC, v:1, k:poo@grafite, mode:FULL, rate:70, size:92
2025-10-22 18:41:11, EXEC, v:1, k:poo@grafite, mode:FULL, rate:70
2025-10-22 18:41:46, EXEC, v:1, k:poo@grafite, mode:FULL, rate:70
2025-10-22 18:41:51, EXEC, v:1, k:poo@grafite, mode:FULL, rate:70, size:92
2025-10-22 18:42:04, EXEC, v:1, k:poo@grafite, mode:FULL, rate:70, size:92
2025-10-22 18:42:05, EXEC, v:1, k:poo@grafite, mode:FULL, rate:70
2025-10-22 18:44:15, EXEC, v:1, k:poo@grafite, mode:FULL, rate:70, size:98
2025-10-22 18:44:16, EXEC, v:1, k:poo@grafite, mode:FULL, rate:70
2025-10-22 18:44:53, EXEC, v:1, k:poo@grafite, mode:FULL, rate:70, size:98
2025-10-22 18:44:54, EXEC, v:1, k:poo@grafite, mode:FULL, rate:70
2025-10-22 18:45:16, EXEC, v:1, k:poo@grafite, mode:FULL, rate:0, size:98
2025-10-22 18:45:16, EXEC, v:1, k:poo@grafite, mode:FULL, rate:0, size:98
2025-10-22 18:45:17, EXEC, v:1, k:poo@grafite, mode:FULL, rate:0, size:98
2025-10-22 18:45:17, EXEC, v:1, k:poo@grafite, mode:FULL, rate:0, size:98
2025-10-22 18:45:17, EXEC, v:1, k:poo@grafite, mode:FULL, rate:0, size:98
2025-10-22 18:45:20, EXEC, v:1, k:poo@grafite, mode:FULL, rate:0
2025-10-22 18:45:21, EXEC, v:1, k:poo@grafite, mode:FULL, rate:70, size:98
2025-10-22 18:45:21, EXEC, v:1, k:poo@grafite, mode:FULL, rate:70, size:98
2025-10-22 18:46:39, EXEC, v:1, k:poo@grafite, mode:FULL, rate:70, size:99
2025-10-22 18:46:39, EXEC, v:1, k:poo@grafite, mode:FULL, rate:70
2025-10-22 18:47:02, EXEC, v:1, k:poo@grafite, mode:FULL, rate:70, size:99
2025-10-22 18:47:03, EXEC, v:1, k:poo@grafite, mode:FULL, rate:70
2025-10-22 18:47:55, EXEC, v:1, k:poo@grafite, mode:FULL, rate:70, size:99
2025-10-22 18:51:40, EXEC, v:1, k:poo@grafite, mode:FULL, rate:70, size:97
2025-10-22 18:51:41, EXEC, v:1, k:poo@grafite, mode:FULL, rate:70
2025-10-22 18:51:49, EXEC, v:1, k:poo@grafite, mode:FULL, rate:70
2025-10-22 18:51:58, EXEC, v:1, k:poo@grafite, mode:FULL, rate:70, size:99
2025-10-22 18:51:59, EXEC, v:1, k:poo@grafite, mode:FULL, rate:70
2025-10-22 18:53:56, EXEC, v:1, k:poo@grafite, mode:FULL, rate:70, size:99
2025-10-22 18:53:57, EXEC, v:1, k:poo@grafite, mode:FULL, rate:70
2025-10-22 18:53:58, EXEC, v:1, k:poo@grafite, mode:FULL, rate:70
2025-10-22 18:53:59, EXEC, v:1, k:poo@grafite, mode:FULL, rate:70
2025-10-22 18:56:50, EXEC, v:1, k:poo@grafite, mode:FULL, rate:70, size:99
2025-10-22 18:56:54, EXEC, v:1, k:poo@grafite, mode:FULL, rate:70
2025-10-22 18:56:58, EXEC, v:1, k:poo@grafite, mode:FULL, rate:70
2025-10-22 18:59:42, EXEC, v:1, k:poo@grafite, mode:FULL, rate:0, size:99
2025-10-22 18:59:43, EXEC, v:1, k:poo@grafite, mode:FULL, rate:0
2025-10-22 18:59:43, EXEC, v:1, k:poo@grafite, mode:FULL, rate:0
2025-10-22 18:59:43, EXEC, v:1, k:poo@grafite, mode:FULL, rate:0
2025-10-22 18:59:44, EXEC, v:1, k:poo@grafite, mode:FULL, rate:0
2025-10-22 19:00:08, EXEC, v:1, k:poo@grafite, mode:FULL, rate:70, size:99
2025-10-22 19:00:09, EXEC, v:1, k:poo@grafite, mode:FULL, rate:70
2025-10-22 19:01:04, EXEC, v:1, k:poo@grafite, mode:FULL, rate:10, size:99
2025-10-22 19:01:05, EXEC, v:1, k:poo@grafite, mode:FULL, rate:10
2025-10-22 19:01:05, EXEC, v:1, k:poo@grafite, mode:FULL, rate:10
2025-10-22 19:01:05, EXEC, v:1, k:poo@grafite, mode:FULL, rate:10
2025-10-22 19:01:05, EXEC, v:1, k:poo@grafite, mode:FULL, rate:10
2025-10-22 19:01:15, EXEC, v:1, k:poo@grafite, mode:FULL, rate:70, size:99
2025-10-22 19:01:16, EXEC, v:1, k:poo@grafite, mode:FULL, rate:70
2025-10-22 19:01:17, EXEC, v:1, k:poo@grafite, mode:FULL, rate:70
2025-10-22 19:01:17, EXEC, v:1, k:poo@grafite, mode:FULL, rate:70
2025-10-22 19:01:17, EXEC, v:1, k:poo@grafite, mode:FULL, rate:70
2025-10-22 19:01:17, EXEC, v:1, k:poo@grafite, mode:FULL, rate:70
2025-10-22 19:01:18, EXEC, v:1, k:poo@grafite, mode:FULL, rate:70
2025-10-22 19:01:18, EXEC, v:1, k:poo@grafite, mode:FULL, rate:70
2025-10-22 19:01:18, EXEC, v:1, k:poo@grafite, mode:FULL, rate:70
2025-10-22 19:01:18, EXEC, v:1, k:poo@grafite, mode:FULL, rate:70
2025-10-22 19:01:38, EXEC, v:1, k:poo@grafite, mode:FULL, rate:70, size:100
2025-10-22 19:01:39, EXEC, v:1, k:poo@grafite, mode:FULL, rate:70
2025-10-22 19:02:09, EXEC, v:1, k:poo@grafite, mode:FULL, rate:70, size:99
2025-10-22 19:02:11, EXEC, v:1, k:poo@grafite, mode:FULL, rate:70
2025-10-22 19:02:31, EXEC, v:1, k:poo@grafite, mode:FULL, rate:70, size:99
2025-10-22 19:02:33, EXEC, v:1, k:poo@grafite, mode:FULL, rate:70
2025-10-22 19:02:41, EXEC, v:1, k:poo@grafite, mode:FULL, rate:70, size:99
2025-10-22 19:02:42, EXEC, v:1, k:poo@grafite, mode:FULL, rate:70
2025-10-22 19:03:27, MOVE, v:1, k:poo@grafite, mode:PICK
2025-10-22 19:03:28, EXEC, v:1, k:poo@grafite, mode:FULL, rate:100, size:99
2025-10-22 19:03:30, MOVE, v:1, k:poo@grafite, mode:BACK
2025-10-22 19:03:59, SELF, v:1, k:poo@grafite, rate:100, iagen:_copilot, alone:8, study:75
2025-10-22 23:58:06, MOVE, v:1, k:poo@motouber, mode:PICK
2025-10-22 23:58:07, EXEC, v:1, k:poo@motouber, mode:FULL, rate:0, size:0
2025-10-22 23:58:08, MOVE, v:1, k:poo@motouber, mode:BACK
