2025-10-20 13:34:33, SELF, v:1, k:poo@motoca
2025-10-20 13:42:12, MOVE, v:1, k:poo@motoca, mode:PICK
2025-10-20 13:42:12, EXEC, v:1, k:poo@motoca, mode:FULL, rate:0, size:66
2025-10-20 13:42:21, EXEC, v:1, k:poo@motoca, mode:FULL, rate:0
2025-10-20 13:42:44, EXEC, v:1, k:poo@motoca, mode:FULL, rate:0
2025-10-20 13:45:47, EXEC, v:1, k:poo@motoca, mode:FULL, rate:0, size:70
2025-10-20 13:46:08, EXEC, v:1, k:poo@motoca, mode:FULL, rate:0, size:70
2025-10-20 13:46:30, EXEC, v:1, k:poo@motoca, mode:FULL, rate:0, size:70
2025-10-20 13:47:06, EXEC, v:1, k:poo@motoca, mode:FULL, rate:0, size:70
2025-10-20 13:47:07, EXEC, v:1, k:poo@motoca, mode:FULL, rate:0
2025-10-20 13:47:07, EXEC, v:1, k:poo@motoca, mode:FULL, rate:0
2025-10-20 13:47:08, EXEC, v:1, k:poo@motoca, mode:FULL, rate:0
2025-10-20 13:47:08, EXEC, v:1, k:poo@motoca, mode:FULL, rate:0
2025-10-20 13:47:08, EXEC, v:1, k:poo@motoca, mode:FULL, rate:0
2025-10-20 13:47:16, EXEC, v:1, k:poo@motoca, mode:FULL, rate:0, size:70
2025-10-20 13:47:17, EXEC, v:1, k:poo@motoca, mode:FULL, rate:0, size:70
2025-10-20 13:48:09, EXEC, v:1, k:poo@motoca, mode:FULL, rate:0, size:69
2025-10-20 13:48:10, EXEC, v:1, k:poo@motoca, mode:FULL, rate:0
2025-10-20 13:48:10, EXEC, v:1, k:poo@motoca, mode:FULL, rate:0
2025-10-20 13:48:11, EXEC, v:1, k:poo@motoca, mode:FULL, rate:0
2025-10-20 13:48:42, EXEC, v:1, k:poo@motoca, mode:FULL, rate:0, size:70
2025-10-20 13:48:43, EXEC, v:1, k:poo@motoca, mode:FULL, rate:0
2025-10-20 13:48:58, EXEC, v:1, k:poo@motoca, mode:FULL, rate:6, size:70
2025-10-20 13:48:59, EXEC, v:1, k:poo@motoca, mode:FULL, rate:6
2025-10-20 13:49:42, EXEC, v:1, k:poo@motoca, mode:FULL, rate:0, size:73
2025-10-20 13:49:59, EXEC, v:1, k:poo@motoca, mode:FULL, rate:0, size:73
2025-10-20 13:50:00, EXEC, v:1, k:poo@motoca, mode:FULL, rate:0
2025-10-20 13:50:01, EXEC, v:1, k:poo@motoca, mode:FULL, rate:0
2025-10-20 13:50:13, EXEC, v:1, k:poo@motoca, mode:FULL, rate:0, size:73
2025-10-20 13:50:14, EXEC, v:1, k:poo@motoca, mode:FULL, rate:0
2025-10-20 13:50:15, EXEC, v:1, k:poo@motoca, mode:FULL, rate:0
2025-10-20 13:50:26, EXEC, v:1, k:poo@motoca, mode:FULL, rate:0, size:73
2025-10-20 13:50:27, EXEC, v:1, k:poo@motoca, mode:FULL, rate:0, size:73
2025-10-20 13:50:27, EXEC, v:1, k:poo@motoca, mode:FULL, rate:0, size:73
2025-10-20 13:50:27, EXEC, v:1, k:poo@motoca, mode:FULL, rate:0, size:73
2025-10-20 13:50:27, EXEC, v:1, k:poo@motoca, mode:FULL, rate:0, size:73
2025-10-20 13:50:39, EXEC, v:1, k:poo@motoca, mode:FULL, rate:0, size:73
2025-10-20 13:50:42, EXEC, v:1, k:poo@motoca, mode:FULL, rate:0
2025-10-20 13:51:00, EXEC, v:1, k:poo@motoca, mode:FULL, rate:0, size:73
2025-10-20 13:51:01, EXEC, v:1, k:poo@motoca, mode:FULL, rate:0
2025-10-20 13:51:01, EXEC, v:1, k:poo@motoca, mode:FULL, rate:0
2025-10-20 13:51:02, EXEC, v:1, k:poo@motoca, mode:FULL, rate:0
2025-10-20 13:51:03, EXEC, v:1, k:poo@motoca, mode:FULL, rate:0
2025-10-20 13:51:16, EXEC, v:1, k:poo@motoca, mode:FULL, rate:6, size:70
2025-10-20 13:53:38, EXEC, v:1, k:poo@motoca, mode:FULL, rate:0, size:70
2025-10-20 13:53:39, EXEC, v:1, k:poo@motoca, mode:FULL, rate:0
2025-10-20 13:53:58, EXEC, v:1, k:poo@motoca, mode:FULL, rate:0, size:70
2025-10-20 13:54:00, EXEC, v:1, k:poo@motoca, mode:FULL, rate:6, size:70
2025-10-20 13:54:11, EXEC, v:1, k:poo@motoca, mode:FULL, rate:6
2025-10-20 13:54:12, EXEC, v:1, k:poo@motoca, mode:FULL, rate:6
2025-10-20 13:54:12, EXEC, v:1, k:poo@motoca, mode:FULL, rate:6
2025-10-20 13:54:13, EXEC, v:1, k:poo@motoca, mode:FULL, rate:6
2025-10-20 13:54:13, EXEC, v:1, k:poo@motoca, mode:FULL, rate:6
2025-10-20 13:54:13, EXEC, v:1, k:poo@motoca, mode:FULL, rate:6
2025-10-20 13:54:14, EXEC, v:1, k:poo@motoca, mode:FULL, rate:6
2025-10-20 13:54:28, EXEC, v:1, k:poo@motoca, mode:FULL, rate:0, size:70
2025-10-20 13:55:11, EXEC, v:1, k:poo@motoca, mode:FULL, rate:0, size:71
2025-10-20 13:55:12, EXEC, v:1, k:poo@motoca, mode:FULL, rate:0
2025-10-20 13:55:16, EXEC, v:1, k:poo@motoca, mode:FULL, rate:0
2025-10-20 13:55:17, EXEC, v:1, k:poo@motoca, mode:FULL, rate:0, size:71
2025-10-20 13:55:17, EXEC, v:1, k:poo@motoca, mode:FULL, rate:0, size:71
2025-10-20 13:55:18, EXEC, v:1, k:poo@motoca, mode:FULL, rate:0, size:71
2025-10-20 13:55:51, EXEC, v:1, k:poo@motoca, mode:FULL, rate:0, size:70
2025-10-20 13:56:34, MOVE, v:1, k:poo@motoca, mode:PICK
2025-10-20 13:56:34, EXEC, v:1, k:poo@motoca, mode:FULL, rate:0, size:70
2025-10-20 13:56:45, EXEC, v:1, k:poo@motoca, mode:FULL, rate:0
2025-10-20 13:56:51, EXEC, v:1, k:poo@motoca, mode:FULL, rate:0
2025-10-20 13:56:53, EXEC, v:1, k:poo@motoca, mode:FULL, rate:0
2025-10-20 13:56:53, EXEC, v:1, k:poo@motoca, mode:FULL, rate:0
2025-10-20 13:56:59, EXEC, v:1, k:poo@motoca, mode:FULL, rate:0
2025-10-20 13:56:59, EXEC, v:1, k:poo@motoca, mode:FULL, rate:0
2025-10-20 13:57:27, EXEC, v:1, k:poo@motoca, mode:FULL, rate:0, size:70
2025-10-20 13:57:27, EXEC, v:1, k:poo@motoca, mode:FULL, rate:0, size:70
2025-10-20 13:57:28, EXEC, v:1, k:poo@motoca, mode:FULL, rate:0, size:70
2025-10-20 13:57:28, EXEC, v:1, k:poo@motoca, mode:FULL, rate:0, size:70
2025-10-20 13:57:40, EXEC, v:1, k:poo@motoca, mode:FULL, rate:6, size:70
2025-10-20 14:00:13, EXEC, v:1, k:poo@motoca, mode:FULL, rate:0, size:70
2025-10-20 14:00:13, EXEC, v:1, k:poo@motoca, mode:FULL, rate:0, size:70
2025-10-20 14:00:21, EXEC, v:1, k:poo@motoca, mode:FULL, rate:0, size:70
2025-10-20 14:00:22, EXEC, v:1, k:poo@motoca, mode:FULL, rate:0
2025-10-20 14:00:22, EXEC, v:1, k:poo@motoca, mode:FULL, rate:0
2025-10-20 14:01:52, EXEC, v:1, k:poo@motoca, mode:FULL, rate:0, size:70
2025-10-20 14:01:52, EXEC, v:1, k:poo@motoca, mode:FULL, rate:0, size:70
2025-10-20 14:01:55, EXEC, v:1, k:poo@motoca, mode:FULL, rate:0, size:70
2025-10-20 14:01:55, EXEC, v:1, k:poo@motoca, mode:FULL, rate:0, size:70
2025-10-20 14:02:04, EXEC, v:1, k:poo@motoca, mode:FULL, rate:0, size:70
2025-10-20 14:02:05, EXEC, v:1, k:poo@motoca, mode:FULL, rate:6, size:69
2025-10-20 14:03:26, EXEC, v:1, k:poo@motoca, mode:FULL, rate:6, size:73
2025-10-20 14:03:30, EXEC, v:1, k:poo@motoca, mode:FULL, rate:6
2025-10-20 14:03:31, EXEC, v:1, k:poo@motoca, mode:FULL, rate:6
2025-10-20 14:04:07, EXEC, v:1, k:poo@motoca, mode:FULL, rate:6, size:73
2025-10-20 14:04:08, EXEC, v:1, k:poo@motoca, mode:FULL, rate:6
2025-10-20 14:04:23, EXEC, v:1, k:poo@motoca, mode:FULL, rate:6, size:73
2025-10-20 14:04:23, EXEC, v:1, k:poo@motoca, mode:FULL, rate:6, size:73
2025-10-20 14:05:39, EXEC, v:1, k:poo@motoca, mode:FULL, rate:6, size:73
2025-10-20 14:05:49, EXEC, v:1, k:poo@motoca, mode:FULL, rate:6, size:73
2025-10-20 14:05:50, EXEC, v:1, k:poo@motoca, mode:FULL, rate:6
2025-10-20 14:11:24, MOVE, v:1, k:poo@motoca, mode:BACK
2025-10-20 16:33:08, MOVE, v:1, k:poo@motoca, mode:PICK
2025-10-20 16:33:09, EXEC, v:1, k:poo@motoca, mode:FULL, rate:6
2025-10-20 16:33:09, EXEC, v:1, k:poo@motoca, mode:FULL, rate:6
2025-10-20 16:34:03, EXEC, v:1, k:poo@motoca, mode:FULL, rate:6, size:73
2025-10-20 16:34:49, EXEC, v:1, k:poo@motoca, mode:FULL, rate:6, size:74
2025-10-20 16:34:50, EXEC, v:1, k:poo@motoca, mode:FULL, rate:6
2025-10-20 16:34:50, EXEC, v:1, k:poo@motoca, mode:FULL, rate:6
2025-10-20 16:34:51, EXEC, v:1, k:poo@motoca, mode:FULL, rate:6
2025-10-20 16:34:51, EXEC, v:1, k:poo@motoca, mode:FULL, rate:6
2025-10-20 16:34:51, EXEC, v:1, k:poo@motoca, mode:FULL, rate:6
2025-10-20 16:34:51, EXEC, v:1, k:poo@motoca, mode:FULL, rate:6
2025-10-20 16:34:59, EXEC, v:1, k:poo@motoca, mode:FULL, rate:6, size:74
2025-10-20 16:35:00, EXEC, v:1, k:poo@motoca, mode:FULL, rate:6
2025-10-20 16:35:00, EXEC, v:1, k:poo@motoca, mode:FULL, rate:6
2025-10-20 16:35:00, EXEC, v:1, k:poo@motoca, mode:FULL, rate:6
2025-10-20 16:35:00, EXEC, v:1, k:poo@motoca, mode:FULL, rate:6
2025-10-20 16:35:01, EXEC, v:1, k:poo@motoca, mode:FULL, rate:6
2025-10-20 16:35:01, EXEC, v:1, k:poo@motoca, mode:FULL, rate:6
2025-10-20 16:35:01, EXEC, v:1, k:poo@motoca, mode:FULL, rate:6
2025-10-20 16:35:01, EXEC, v:1, k:poo@motoca, mode:FULL, rate:6
2025-10-20 16:35:01, EXEC, v:1, k:poo@motoca, mode:FULL, rate:6
2025-10-20 16:35:01, EXEC, v:1, k:poo@motoca, mode:FULL, rate:6
2025-10-20 16:35:31, EXEC, v:1, k:poo@motoca, mode:FULL, rate:6, size:75
2025-10-20 16:37:30, EXEC, v:1, k:poo@motoca, mode:FULL, rate:6, size:81
2025-10-20 16:37:32, EXEC, v:1, k:poo@motoca, mode:FULL, rate:6
2025-10-20 16:48:16, EXEC, v:1, k:poo@motoca, mode:FULL, rate:0, size:90
2025-10-20 16:48:17, EXEC, v:1, k:poo@motoca, mode:FULL, rate:0
2025-10-20 16:49:39, EXEC, v:1, k:poo@motoca, mode:FULL, rate:0, size:90
2025-10-20 16:49:39, EXEC, v:1, k:poo@motoca, mode:FULL, rate:0, size:90
2025-10-20 16:54:33, EXEC, v:1, k:poo@motoca, mode:FULL, rate:0, size:89
2025-10-20 16:54:34, EXEC, v:1, k:poo@motoca, mode:FULL, rate:0
2025-10-20 16:54:34, EXEC, v:1, k:poo@motoca, mode:FULL, rate:0
2025-10-20 16:54:34, EXEC, v:1, k:poo@motoca, mode:FULL, rate:0
2025-10-20 16:54:35, EXEC, v:1, k:poo@motoca, mode:FULL, rate:0
2025-10-20 16:56:18, EXEC, v:1, k:poo@motoca, mode:FULL, rate:0
2025-10-20 16:56:18, EXEC, v:1, k:poo@motoca, mode:FULL, rate:0
2025-10-20 16:56:19, EXEC, v:1, k:poo@motoca, mode:FULL, rate:0
2025-10-20 16:56:19, EXEC, v:1, k:poo@motoca, mode:FULL, rate:0
2025-10-20 16:56:19, EXEC, v:1, k:poo@motoca, mode:FULL, rate:0
2025-10-20 16:56:19, EXEC, v:1, k:poo@motoca, mode:FULL, rate:0
2025-10-20 16:56:19, EXEC, v:1, k:poo@motoca, mode:FULL, rate:0
2025-10-20 16:56:19, EXEC, v:1, k:poo@motoca, mode:FULL, rate:0
2025-10-20 16:56:20, EXEC, v:1, k:poo@motoca, mode:FULL, rate:0
2025-10-20 16:58:58, EXEC, v:1, k:poo@motoca, mode:FULL, rate:0, size:89
2025-10-20 16:58:59, EXEC, v:1, k:poo@motoca, mode:FULL, rate:0
2025-10-20 16:58:59, EXEC, v:1, k:poo@motoca, mode:FULL, rate:0
2025-10-20 16:58:59, EXEC, v:1, k:poo@motoca, mode:FULL, rate:0
2025-10-20 16:59:29, EXEC, v:1, k:poo@motoca, mode:FULL, rate:0, size:89
2025-10-20 16:59:29, EXEC, v:1, k:poo@motoca, mode:FULL, rate:0, size:89
2025-10-20 16:59:45, EXEC, v:1, k:poo@motoca, mode:FULL, rate:0, size:89
2025-10-20 16:59:45, EXEC, v:1, k:poo@motoca, mode:FULL, rate:0
2025-10-20 16:59:54, EXEC, v:1, k:poo@motoca, mode:FULL, rate:6, size:89
2025-10-20 17:07:13, EXEC, v:1, k:poo@motoca, mode:FULL, rate:6, size:90
2025-10-20 17:07:50, EXEC, v:1, k:poo@motoca, mode:FULL, rate:0, size:90
2025-10-20 17:08:34, EXEC, v:1, k:poo@motoca, mode:FULL, rate:6, size:90
2025-10-20 17:09:07, EXEC, v:1, k:poo@motoca, mode:FULL, rate:0, size:90
2025-10-20 17:09:51, EXEC, v:1, k:poo@motoca, mode:FULL, rate:6, size:90
2025-10-20 17:10:18, EXEC, v:1, k:poo@motoca, mode:FULL, rate:6, size:90
2025-10-20 17:10:52, EXEC, v:1, k:poo@motoca, mode:FULL, rate:13, size:90
2025-10-20 17:11:11, EXEC, v:1, k:poo@motoca, mode:FULL, rate:20, size:90
2025-10-20 17:12:58, EXEC, v:1, k:poo@motoca, mode:FULL, rate:20, size:92
2025-10-20 17:14:34, EXEC, v:1, k:poo@motoca, mode:FULL, rate:20, size:94
2025-10-20 17:14:49, EXEC, v:1, k:poo@motoca, mode:FULL, rate:20
2025-10-20 17:15:23, EXEC, v:1, k:poo@motoca, mode:FULL, rate:20, size:95
2025-10-20 17:17:08, EXEC, v:1, k:poo@motoca, mode:FULL, rate:20, size:92
2025-10-20 17:25:26, EXEC, v:1, k:poo@motoca, mode:FULL, rate:33, size:93
2025-10-20 17:25:42, EXEC, v:1, k:poo@motoca, mode:FULL, rate:40, size:93
2025-10-20 17:31:44, EXEC, v:1, k:poo@motoca, mode:FULL, rate:46, size:94
2025-10-20 17:33:14, EXEC, v:1, k:poo@motoca, mode:FULL, rate:0, size:95
2025-10-20 17:33:14, EXEC, v:1, k:poo@motoca, mode:FULL, rate:0, size:95
2025-10-20 17:33:26, EXEC, v:1, k:poo@motoca, mode:FULL, rate:0
2025-10-20 17:33:27, EXEC, v:1, k:poo@motoca, mode:FULL, rate:0, size:95
2025-10-20 17:33:27, EXEC, v:1, k:poo@motoca, mode:FULL, rate:0, size:95
2025-10-20 17:33:27, EXEC, v:1, k:poo@motoca, mode:FULL, rate:0, size:95
2025-10-20 17:33:31, EXEC, v:1, k:poo@motoca, mode:FULL, rate:0
2025-10-20 17:33:32, EXEC, v:1, k:poo@motoca, mode:FULL, rate:46, size:95
2025-10-20 17:33:53, EXEC, v:1, k:poo@motoca, mode:FULL, rate:40, size:95
2025-10-20 17:34:01, EXEC, v:1, k:poo@motoca, mode:FULL, rate:46, size:95
2025-10-20 17:34:16, EXEC, v:1, k:poo@motoca, mode:FULL, rate:0, size:94
2025-10-20 17:34:17, EXEC, v:1, k:poo@motoca, mode:FULL, rate:0
2025-10-20 17:34:17, EXEC, v:1, k:poo@motoca, mode:FULL, rate:0
2025-10-20 17:34:17, EXEC, v:1, k:poo@motoca, mode:FULL, rate:0
2025-10-20 17:34:32, MOVE, v:1, k:poo@motoca, mode:PICK
2025-10-20 17:34:33, EXEC, v:1, k:poo@motoca, mode:FULL, rate:46, size:94
